<?xml version="1.0" encoding="UTF-8"?>
<testsuite name="com.tradeassignment.controller.TradeStoreControllerTest" tests="2" skipped="0" failures="0" errors="0" timestamp="2021-01-21T12:39:03" hostname="Atuls-MacBook-Pro.local" time="0.015">
  <properties/>
  <testcase name="saveTrade_whenNewTrade_thenSaveTradeInStore" classname="com.tradeassignment.controller.TradeStoreControllerTest" time="0.012"/>
  <testcase name="getTrades_whenGetAllTrades_thenReturnAllTradesFromStore" classname="com.tradeassignment.controller.TradeStoreControllerTest" time="0.002"/>
  <system-out><![CDATA[2021-01-21 18:09:03.912  INFO 5935 --- [    Test worker] o.s.t.c.s.DefaultTestContextBootstrapper : Neither @ContextConfiguration nor @ContextHierarchy found for test class [com.tradeassignment.controller.TradeStoreControllerTest], using DelegatingSmartContextLoader
2021-01-21 18:09:03.912  INFO 5935 --- [    Test worker] o.s.t.c.support.AbstractContextLoader    : Could not detect default resource locations for test class [com.tradeassignment.controller.TradeStoreControllerTest]: no resource found for suffixes {-context.xml}.
2021-01-21 18:09:03.913  INFO 5935 --- [    Test worker] t.c.s.AnnotationConfigContextLoaderUtils : Could not detect default configuration classes for test class [com.tradeassignment.controller.TradeStoreControllerTest]: TradeStoreControllerTest does not declare any static, non-private, non-final, nested classes annotated with @Configuration.
2021-01-21 18:09:03.914  INFO 5935 --- [    Test worker] o.s.t.c.s.DefaultTestContextBootstrapper : Loaded default TestExecutionListener class names from location [META-INF/spring.factories]: [org.springframework.boot.test.autoconfigure.restdocs.RestDocsTestExecutionListener, org.springframework.boot.test.autoconfigure.web.client.MockRestServiceServerResetTestExecutionListener, org.springframework.boot.test.autoconfigure.web.servlet.MockMvcPrintOnlyOnFailureTestExecutionListener, org.springframework.boot.test.autoconfigure.web.servlet.WebDriverTestExecutionListener, org.springframework.boot.test.autoconfigure.webservices.client.MockWebServiceServerTestExecutionListener, org.springframework.boot.test.mock.mockito.MockitoTestExecutionListener, org.springframework.boot.test.mock.mockito.ResetMocksTestExecutionListener, org.springframework.test.context.web.ServletTestExecutionListener, org.springframework.test.context.support.DirtiesContextBeforeModesTestExecutionListener, org.springframework.test.context.event.ApplicationEventsTestExecutionListener, org.springframework.test.context.support.DependencyInjectionTestExecutionListener, org.springframework.test.context.support.DirtiesContextTestExecutionListener, org.springframework.test.context.transaction.TransactionalTestExecutionListener, org.springframework.test.context.jdbc.SqlScriptsTestExecutionListener, org.springframework.test.context.event.EventPublishingTestExecutionListener]
2021-01-21 18:09:03.914  INFO 5935 --- [    Test worker] o.s.t.c.s.DefaultTestContextBootstrapper : Using TestExecutionListeners: [org.springframework.test.context.web.ServletTestExecutionListener@742a6590, org.springframework.test.context.support.DirtiesContextBeforeModesTestExecutionListener@576b3844, org.springframework.test.context.event.ApplicationEventsTestExecutionListener@ee40a21, org.springframework.boot.test.mock.mockito.MockitoTestExecutionListener@5b32399f, org.springframework.test.context.support.DependencyInjectionTestExecutionListener@7c93d18c, org.springframework.test.context.support.DirtiesContextTestExecutionListener@72b47f42, org.springframework.test.context.event.EventPublishingTestExecutionListener@5c2fc637, org.springframework.boot.test.autoconfigure.restdocs.RestDocsTestExecutionListener@161bf2ec, org.springframework.boot.test.autoconfigure.web.client.MockRestServiceServerResetTestExecutionListener@74664e12, org.springframework.boot.test.autoconfigure.web.servlet.MockMvcPrintOnlyOnFailureTestExecutionListener@25f971b3, org.springframework.boot.test.autoconfigure.web.servlet.WebDriverTestExecutionListener@7c51545, org.springframework.boot.test.autoconfigure.webservices.client.MockWebServiceServerTestExecutionListener@4e000bc3, org.springframework.boot.test.mock.mockito.ResetMocksTestExecutionListener@8d0cacf]
]]></system-out>
  <system-err><![CDATA[]]></system-err>
</testsuite>
