<?xml version="1.0" encoding="UTF-8"?>
<testsuite name="com.tradeassignment.util.UpdateExpiredTradeSchedulerUtilTest" tests="1" skipped="0" failures="0" errors="0" timestamp="2021-01-21T12:39:03" hostname="Atuls-MacBook-Pro.local" time="0.007">
  <properties/>
  <testcase name="updateExpiredStatus_whenSchedulerExecutes_thenExpiredFlagUpdate" classname="com.tradeassignment.util.UpdateExpiredTradeSchedulerUtilTest" time="0.007"/>
  <system-out><![CDATA[18:09:01.288 [Test worker] DEBUG org.springframework.test.context.junit4.SpringJUnit4ClassRunner - SpringJUnit4ClassRunner constructor called with [class com.tradeassignment.util.UpdateExpiredTradeSchedulerUtilTest]
18:09:01.293 [Test worker] DEBUG org.springframework.test.context.BootstrapUtils - Instantiating CacheAwareContextLoaderDelegate from class [org.springframework.test.context.cache.DefaultCacheAwareContextLoaderDelegate]
18:09:01.302 [Test worker] DEBUG org.springframework.test.context.BootstrapUtils - Instantiating BootstrapContext using constructor [public org.springframework.test.context.support.DefaultBootstrapContext(java.lang.Class,org.springframework.test.context.CacheAwareContextLoaderDelegate)]
18:09:01.334 [Test worker] DEBUG org.springframework.test.context.BootstrapUtils - Instantiating TestContextBootstrapper for test class [com.tradeassignment.util.UpdateExpiredTradeSchedulerUtilTest] from class [org.springframework.boot.test.context.SpringBootTestContextBootstrapper]
18:09:01.344 [Test worker] INFO org.springframework.boot.test.context.SpringBootTestContextBootstrapper - Neither @ContextConfiguration nor @ContextHierarchy found for test class [com.tradeassignment.util.UpdateExpiredTradeSchedulerUtilTest], using SpringBootContextLoader
18:09:01.346 [Test worker] DEBUG org.springframework.test.context.support.AbstractContextLoader - Did not detect default resource location for test class [com.tradeassignment.util.UpdateExpiredTradeSchedulerUtilTest]: class path resource [com/tradeassignment/util/UpdateExpiredTradeSchedulerUtilTest-context.xml] does not exist
18:09:01.347 [Test worker] DEBUG org.springframework.test.context.support.AbstractContextLoader - Did not detect default resource location for test class [com.tradeassignment.util.UpdateExpiredTradeSchedulerUtilTest]: class path resource [com/tradeassignment/util/UpdateExpiredTradeSchedulerUtilTestContext.groovy] does not exist
18:09:01.347 [Test worker] INFO org.springframework.test.context.support.AbstractContextLoader - Could not detect default resource locations for test class [com.tradeassignment.util.UpdateExpiredTradeSchedulerUtilTest]: no resource found for suffixes {-context.xml, Context.groovy}.
18:09:01.348 [Test worker] INFO org.springframework.test.context.support.AnnotationConfigContextLoaderUtils - Could not detect default configuration classes for test class [com.tradeassignment.util.UpdateExpiredTradeSchedulerUtilTest]: UpdateExpiredTradeSchedulerUtilTest does not declare any static, non-private, non-final, nested classes annotated with @Configuration.
18:09:01.397 [Test worker] DEBUG org.springframework.test.context.support.ActiveProfilesUtils - Could not find an 'annotation declaring class' for annotation type [org.springframework.test.context.ActiveProfiles] and class [com.tradeassignment.util.UpdateExpiredTradeSchedulerUtilTest]
18:09:01.453 [Test worker] DEBUG org.springframework.context.annotation.ClassPathScanningCandidateComponentProvider - Identified candidate component class: file [/Users/atulzambre/Documents/Work/Trade-Assignment/build/classes/java/main/com/tradeassignment/TradeAssignmentApplication.class]
18:09:01.454 [Test worker] INFO org.springframework.boot.test.context.SpringBootTestContextBootstrapper - Found @SpringBootConfiguration com.tradeassignment.TradeAssignmentApplication for test class com.tradeassignment.util.UpdateExpiredTradeSchedulerUtilTest
18:09:01.528 [Test worker] DEBUG org.springframework.boot.test.context.SpringBootTestContextBootstrapper - @TestExecutionListeners is not present for class [com.tradeassignment.util.UpdateExpiredTradeSchedulerUtilTest]: using defaults.
18:09:01.528 [Test worker] INFO org.springframework.boot.test.context.SpringBootTestContextBootstrapper - Loaded default TestExecutionListener class names from location [META-INF/spring.factories]: [org.springframework.boot.test.autoconfigure.restdocs.RestDocsTestExecutionListener, org.springframework.boot.test.autoconfigure.web.client.MockRestServiceServerResetTestExecutionListener, org.springframework.boot.test.autoconfigure.web.servlet.MockMvcPrintOnlyOnFailureTestExecutionListener, org.springframework.boot.test.autoconfigure.web.servlet.WebDriverTestExecutionListener, org.springframework.boot.test.autoconfigure.webservices.client.MockWebServiceServerTestExecutionListener, org.springframework.boot.test.mock.mockito.MockitoTestExecutionListener, org.springframework.boot.test.mock.mockito.ResetMocksTestExecutionListener, org.springframework.test.context.web.ServletTestExecutionListener, org.springframework.test.context.support.DirtiesContextBeforeModesTestExecutionListener, org.springframework.test.context.event.ApplicationEventsTestExecutionListener, org.springframework.test.context.support.DependencyInjectionTestExecutionListener, org.springframework.test.context.support.DirtiesContextTestExecutionListener, org.springframework.test.context.transaction.TransactionalTestExecutionListener, org.springframework.test.context.jdbc.SqlScriptsTestExecutionListener, org.springframework.test.context.event.EventPublishingTestExecutionListener]
18:09:01.539 [Test worker] DEBUG org.springframework.boot.test.context.SpringBootTestContextBootstrapper - Skipping candidate TestExecutionListener [org.springframework.test.context.transaction.TransactionalTestExecutionListener] due to a missing dependency. Specify custom listener classes or make the default listener classes and their required dependencies available. Offending class: [org/springframework/transaction/interceptor/TransactionAttributeSource]
18:09:01.540 [Test worker] DEBUG org.springframework.boot.test.context.SpringBootTestContextBootstrapper - Skipping candidate TestExecutionListener [org.springframework.test.context.jdbc.SqlScriptsTestExecutionListener] due to a missing dependency. Specify custom listener classes or make the default listener classes and their required dependencies available. Offending class: [org/springframework/transaction/interceptor/TransactionAttribute]
18:09:01.540 [Test worker] INFO org.springframework.boot.test.context.SpringBootTestContextBootstrapper - Using TestExecutionListeners: [org.springframework.test.context.web.ServletTestExecutionListener@15fb1d24, org.springframework.test.context.support.DirtiesContextBeforeModesTestExecutionListener@daf1e4c, org.springframework.test.context.event.ApplicationEventsTestExecutionListener@18d39969, org.springframework.boot.test.mock.mockito.MockitoTestExecutionListener@680bc356, org.springframework.boot.test.autoconfigure.SpringBootDependencyInjectionTestExecutionListener@2554e14e, org.springframework.test.context.support.DirtiesContextTestExecutionListener@507cc6d6, org.springframework.test.context.event.EventPublishingTestExecutionListener@54600561, org.springframework.boot.test.autoconfigure.restdocs.RestDocsTestExecutionListener@62476dc8, org.springframework.boot.test.autoconfigure.web.client.MockRestServiceServerResetTestExecutionListener@609bae5f, org.springframework.boot.test.autoconfigure.web.servlet.MockMvcPrintOnlyOnFailureTestExecutionListener@56678eec, org.springframework.boot.test.autoconfigure.web.servlet.WebDriverTestExecutionListener@278c24c, org.springframework.boot.test.autoconfigure.webservices.client.MockWebServiceServerTestExecutionListener@5b08c6e6, org.springframework.boot.test.mock.mockito.ResetMocksTestExecutionListener@66dc728e]
18:09:01.542 [Test worker] DEBUG org.springframework.test.annotation.ProfileValueUtils - Retrieved @ProfileValueSourceConfiguration [null] for test class [com.tradeassignment.util.UpdateExpiredTradeSchedulerUtilTest]
18:09:01.543 [Test worker] DEBUG org.springframework.test.annotation.ProfileValueUtils - Retrieved ProfileValueSource type [class org.springframework.test.annotation.SystemProfileValueSource] for class [com.tradeassignment.util.UpdateExpiredTradeSchedulerUtilTest]
18:09:01.543 [Test worker] DEBUG org.springframework.test.annotation.ProfileValueUtils - Retrieved @ProfileValueSourceConfiguration [null] for test class [com.tradeassignment.util.UpdateExpiredTradeSchedulerUtilTest]
18:09:01.543 [Test worker] DEBUG org.springframework.test.annotation.ProfileValueUtils - Retrieved ProfileValueSource type [class org.springframework.test.annotation.SystemProfileValueSource] for class [com.tradeassignment.util.UpdateExpiredTradeSchedulerUtilTest]
18:09:01.547 [Test worker] DEBUG org.springframework.test.context.support.AbstractDirtiesContextTestExecutionListener - Before test class: context [DefaultTestContext@592ed14b testClass = UpdateExpiredTradeSchedulerUtilTest, testInstance = [null], testMethod = [null], testException = [null], mergedContextConfiguration = [WebMergedContextConfiguration@257a077 testClass = UpdateExpiredTradeSchedulerUtilTest, locations = '{}', classes = '{class com.tradeassignment.TradeAssignmentApplication}', contextInitializerClasses = '[]', activeProfiles = '{}', propertySourceLocations = '{}', propertySourceProperties = '{org.springframework.boot.test.context.SpringBootTestContextBootstrapper=true}', contextCustomizers = set[org.springframework.boot.test.autoconfigure.actuate.metrics.MetricsExportContextCustomizerFactory$DisableMetricExportContextCustomizer@34f8fa74, org.springframework.boot.test.autoconfigure.properties.PropertyMappingContextCustomizer@0, org.springframework.boot.test.autoconfigure.web.servlet.WebDriverContextCustomizerFactory$Customizer@29077060, org.springframework.boot.test.context.filter.ExcludeFilterContextCustomizer@31d462a3, org.springframework.boot.test.json.DuplicateJsonObjectContextCustomizerFactory$DuplicateJsonObjectContextCustomizer@6918c78c, org.springframework.boot.test.mock.mockito.MockitoContextCustomizer@0, org.springframework.boot.test.web.client.TestRestTemplateContextCustomizer@2291fa2b, org.springframework.boot.test.context.SpringBootTestArgs@1, org.springframework.boot.test.context.SpringBootTestWebEnvironment@273192a5], resourceBasePath = 'src/main/webapp', contextLoader = 'org.springframework.boot.test.context.SpringBootContextLoader', parent = [null]], attributes = map['org.springframework.test.context.web.ServletTestExecutionListener.activateListener' -> true]], class annotated with @DirtiesContext [false] with mode [null].
18:09:01.548 [Test worker] DEBUG org.springframework.test.annotation.ProfileValueUtils - Retrieved @ProfileValueSourceConfiguration [null] for test class [com.tradeassignment.util.UpdateExpiredTradeSchedulerUtilTest]
18:09:01.548 [Test worker] DEBUG org.springframework.test.annotation.ProfileValueUtils - Retrieved ProfileValueSource type [class org.springframework.test.annotation.SystemProfileValueSource] for class [com.tradeassignment.util.UpdateExpiredTradeSchedulerUtilTest]
18:09:01.570 [Test worker] DEBUG org.springframework.test.context.support.TestPropertySourceUtils - Adding inlined properties to environment: {spring.jmx.enabled=false, org.springframework.boot.test.context.SpringBootTestContextBootstrapper=true}

  .   ____          _            __ _ _
 /\\ / ___'_ __ _ _(_)_ __  __ _ \ \ \ \
( ( )\___ | '_ | '_| | '_ \/ _` | \ \ \ \
 \\/  ___)| |_)| | | | | || (_| |  ) ) ) )
  '  |____| .__|_| |_|_| |_\__, | / / / /
 =========|_|==============|___/=/_/_/_/
 :: Spring Boot ::                (v2.4.2)

2021-01-21 18:09:02.040  INFO 5935 --- [    Test worker] .t.u.UpdateExpiredTradeSchedulerUtilTest : Starting UpdateExpiredTradeSchedulerUtilTest using Java 15.0.1 on Atuls-MacBook-Pro.local with PID 5935 (started by atulzambre in /Users/atulzambre/Documents/Work/Trade-Assignment)
2021-01-21 18:09:02.042  INFO 5935 --- [    Test worker] .t.u.UpdateExpiredTradeSchedulerUtilTest : No active profile set, falling back to default profiles: default
2021-01-21 18:09:03.527  INFO 5935 --- [    Test worker] o.s.s.concurrent.ThreadPoolTaskExecutor  : Initializing ExecutorService 'applicationTaskExecutor'
2021-01-21 18:09:03.662  INFO 5935 --- [    Test worker] o.s.s.c.ThreadPoolTaskScheduler          : Initializing ExecutorService 'taskScheduler'
2021-01-21 18:09:03.882  INFO 5935 --- [    Test worker] .t.u.UpdateExpiredTradeSchedulerUtilTest : Started UpdateExpiredTradeSchedulerUtilTest in 2.305 seconds (JVM running for 3.495)
]]></system-out>
  <system-err><![CDATA[]]></system-err>
</testsuite>
